<?xml version="1.0" encoding="UTF-8"?>
<!-- Generated by org.testng.reporters.JUnitReportReporter -->
<testsuite hostname="dinmPF4ASW52" failures="0" tests="1" name="tests.api.JiraCreateIssue" time="2.755" errors="0" timestamp="2024-11-05T10:37:18 EST" skipped="0">
  <testcase classname="tests.api.JiraCreateIssue" name="createIssue" time="2.755"/>
</testsuite> <!-- tests.api.JiraCreateIssue -->
